Determining if files unistd.h exist failed with the following output:
Change Dir: C:/Users/Marcus/source/repos/Asteroids/CMakeFiles/CMakeTmp

Run Build Command:"C:/Program Files (x86)/Microsoft Visual Studio/2017/Community/MSBuild/15.0/Bin/MSBuild.exe" "cmTC_5fdc8.vcxproj" "/p:Configuration=Debug" "/p:VisualStudioVersion=15.0"
Microsoft (R) Build Engine version 15.4.8.50001 for .NET Framework
Copyright (C) Microsoft Corporation. All rights reserved.

Build started 12/10/2017 12:15:55 PM.
Project "C:\Users\Marcus\source\repos\Asteroids\CMakeFiles\CMakeTmp\cmTC_5fdc8.vcxproj" on node 1 (default targets).
PrepareForBuild:
  Creating directory "cmTC_5fdc8.dir\Debug\".
  Creating directory "C:\Users\Marcus\source\repos\Asteroids\CMakeFiles\CMakeTmp\Debug\".
  Creating directory "cmTC_5fdc8.dir\Debug\cmTC_5fdc8.tlog\".
InitializeBuildStatus:
  Creating "cmTC_5fdc8.dir\Debug\cmTC_5fdc8.tlog\unsuccessfulbuild" because "AlwaysCreate" was specified.
ClCompile:
  C:\Program Files (x86)\Microsoft Visual Studio\2017\Community\VC\Tools\MSVC\14.11.25503\bin\HostX86\x86\CL.exe /c /Zi /W3 /WX- /diagnostics:classic /Od /Ob0 /Oy- /D WIN32 /D _WINDOWS /D "CMAKE_INTDIR=\"Debug\"" /D _MBCS /Gm- /RTC1 /MDd /GS /fp:precise /Zc:wchar_t /Zc:forScope /Zc:inline /Fo"cmTC_5fdc8.dir\Debug\\" /Fd"cmTC_5fdc8.dir\Debug\vc141.pdb" /Gd /TC /analyze- /errorReport:queue C:\Users\Marcus\source\repos\Asteroids\CMakeFiles\CMakeTmp\CheckIncludeFiles.c
  Microsoft (R) C/C++ Optimizing Compiler Version 19.11.25547 for x86
  Copyright (C) Microsoft Corporation.  All rights reserved.
  
  cl /c /Zi /W3 /WX- /diagnostics:classic /Od /Ob0 /Oy- /D WIN32 /D _WINDOWS /D "CMAKE_INTDIR=\"Debug\"" /D _MBCS /Gm- /RTC1 /MDd /GS /fp:precise /Zc:wchar_t /Zc:forScope /Zc:inline /Fo"cmTC_5fdc8.dir\Debug\\" /Fd"cmTC_5fdc8.dir\Debug\vc141.pdb" /Gd /TC /analyze- /errorReport:queue C:\Users\Marcus\source\repos\Asteroids\CMakeFiles\CMakeTmp\CheckIncludeFiles.c
  CheckIncludeFiles.c
  
C:\Users\Marcus\source\repos\Asteroids\CMakeFiles\CMakeTmp\CheckIncludeFiles.c(2): fatal error C1083: Cannot open include file: 'unistd.h': No such file or directory [C:\Users\Marcus\source\repos\Asteroids\CMakeFiles\CMakeTmp\cmTC_5fdc8.vcxproj]
Done Building Project "C:\Users\Marcus\source\repos\Asteroids\CMakeFiles\CMakeTmp\cmTC_5fdc8.vcxproj" (default targets) -- FAILED.

Build FAILED.

"C:\Users\Marcus\source\repos\Asteroids\CMakeFiles\CMakeTmp\cmTC_5fdc8.vcxproj" (default target) (1) ->
(ClCompile target) -> 
  C:\Users\Marcus\source\repos\Asteroids\CMakeFiles\CMakeTmp\CheckIncludeFiles.c(2): fatal error C1083: Cannot open include file: 'unistd.h': No such file or directory [C:\Users\Marcus\source\repos\Asteroids\CMakeFiles\CMakeTmp\cmTC_5fdc8.vcxproj]

    0 Warning(s)
    1 Error(s)

Time Elapsed 00:00:00.60

Source:
/* */
#include <unistd.h>


int main(void){return 0;}

Determining if files sys/time.h exist failed with the following output:
Change Dir: C:/Users/Marcus/source/repos/Asteroids/CMakeFiles/CMakeTmp

Run Build Command:"C:/Program Files (x86)/Microsoft Visual Studio/2017/Community/MSBuild/15.0/Bin/MSBuild.exe" "cmTC_2eb3c.vcxproj" "/p:Configuration=Debug" "/p:VisualStudioVersion=15.0"
Microsoft (R) Build Engine version 15.4.8.50001 for .NET Framework
Copyright (C) Microsoft Corporation. All rights reserved.

Build started 12/10/2017 12:15:55 PM.
Project "C:\Users\Marcus\source\repos\Asteroids\CMakeFiles\CMakeTmp\cmTC_2eb3c.vcxproj" on node 1 (default targets).
PrepareForBuild:
  Creating directory "cmTC_2eb3c.dir\Debug\".
  Creating directory "C:\Users\Marcus\source\repos\Asteroids\CMakeFiles\CMakeTmp\Debug\".
  Creating directory "cmTC_2eb3c.dir\Debug\cmTC_2eb3c.tlog\".
InitializeBuildStatus:
  Creating "cmTC_2eb3c.dir\Debug\cmTC_2eb3c.tlog\unsuccessfulbuild" because "AlwaysCreate" was specified.
ClCompile:
  C:\Program Files (x86)\Microsoft Visual Studio\2017\Community\VC\Tools\MSVC\14.11.25503\bin\HostX86\x86\CL.exe /c /Zi /W3 /WX- /diagnostics:classic /Od /Ob0 /Oy- /D WIN32 /D _WINDOWS /D "CMAKE_INTDIR=\"Debug\"" /D _MBCS /Gm- /RTC1 /MDd /GS /fp:precise /Zc:wchar_t /Zc:forScope /Zc:inline /Fo"cmTC_2eb3c.dir\Debug\\" /Fd"cmTC_2eb3c.dir\Debug\vc141.pdb" /Gd /TC /analyze- /errorReport:queue C:\Users\Marcus\source\repos\Asteroids\CMakeFiles\CMakeTmp\CheckIncludeFiles.c
  Microsoft (R) C/C++ Optimizing Compiler Version 19.11.25547 for x86
  Copyright (C) Microsoft Corporation.  All rights reserved.
  
  cl /c /Zi /W3 /WX- /diagnostics:classic /Od /Ob0 /Oy- /D WIN32 /D _WINDOWS /D "CMAKE_INTDIR=\"Debug\"" /D _MBCS /Gm- /RTC1 /MDd /GS /fp:precise /Zc:wchar_t /Zc:forScope /Zc:inline /Fo"cmTC_2eb3c.dir\Debug\\" /Fd"cmTC_2eb3c.dir\Debug\vc141.pdb" /Gd /TC /analyze- /errorReport:queue C:\Users\Marcus\source\repos\Asteroids\CMakeFiles\CMakeTmp\CheckIncludeFiles.c
  CheckIncludeFiles.c
  
C:\Users\Marcus\source\repos\Asteroids\CMakeFiles\CMakeTmp\CheckIncludeFiles.c(2): fatal error C1083: Cannot open include file: 'sys/time.h': No such file or directory [C:\Users\Marcus\source\repos\Asteroids\CMakeFiles\CMakeTmp\cmTC_2eb3c.vcxproj]
Done Building Project "C:\Users\Marcus\source\repos\Asteroids\CMakeFiles\CMakeTmp\cmTC_2eb3c.vcxproj" (default targets) -- FAILED.

Build FAILED.

"C:\Users\Marcus\source\repos\Asteroids\CMakeFiles\CMakeTmp\cmTC_2eb3c.vcxproj" (default target) (1) ->
(ClCompile target) -> 
  C:\Users\Marcus\source\repos\Asteroids\CMakeFiles\CMakeTmp\CheckIncludeFiles.c(2): fatal error C1083: Cannot open include file: 'sys/time.h': No such file or directory [C:\Users\Marcus\source\repos\Asteroids\CMakeFiles\CMakeTmp\cmTC_2eb3c.vcxproj]

    0 Warning(s)
    1 Error(s)

Time Elapsed 00:00:00.56

Source:
/* */
#include <sys/time.h>


int main(void){return 0;}

Determining if files sys/param.h exist failed with the following output:
Change Dir: C:/Users/Marcus/source/repos/Asteroids/CMakeFiles/CMakeTmp

Run Build Command:"C:/Program Files (x86)/Microsoft Visual Studio/2017/Community/MSBuild/15.0/Bin/MSBuild.exe" "cmTC_6b311.vcxproj" "/p:Configuration=Debug" "/p:VisualStudioVersion=15.0"
Microsoft (R) Build Engine version 15.4.8.50001 for .NET Framework
Copyright (C) Microsoft Corporation. All rights reserved.

Build started 12/10/2017 12:15:57 PM.
Project "C:\Users\Marcus\source\repos\Asteroids\CMakeFiles\CMakeTmp\cmTC_6b311.vcxproj" on node 1 (default targets).
PrepareForBuild:
  Creating directory "cmTC_6b311.dir\Debug\".
  Creating directory "C:\Users\Marcus\source\repos\Asteroids\CMakeFiles\CMakeTmp\Debug\".
  Creating directory "cmTC_6b311.dir\Debug\cmTC_6b311.tlog\".
InitializeBuildStatus:
  Creating "cmTC_6b311.dir\Debug\cmTC_6b311.tlog\unsuccessfulbuild" because "AlwaysCreate" was specified.
ClCompile:
  C:\Program Files (x86)\Microsoft Visual Studio\2017\Community\VC\Tools\MSVC\14.11.25503\bin\HostX86\x86\CL.exe /c /Zi /W3 /WX- /diagnostics:classic /Od /Ob0 /Oy- /D WIN32 /D _WINDOWS /D "CMAKE_INTDIR=\"Debug\"" /D _MBCS /Gm- /RTC1 /MDd /GS /fp:precise /Zc:wchar_t /Zc:forScope /Zc:inline /Fo"cmTC_6b311.dir\Debug\\" /Fd"cmTC_6b311.dir\Debug\vc141.pdb" /Gd /TC /analyze- /errorReport:queue C:\Users\Marcus\source\repos\Asteroids\CMakeFiles\CMakeTmp\CheckIncludeFiles.c
  Microsoft (R) C/C++ Optimizing Compiler Version 19.11.25547 for x86
  Copyright (C) Microsoft Corporation.  All rights reserved.
  
  cl /c /Zi /W3 /WX- /diagnostics:classic /Od /Ob0 /Oy- /D WIN32 /D _WINDOWS /D "CMAKE_INTDIR=\"Debug\"" /D _MBCS /Gm- /RTC1 /MDd /GS /fp:precise /Zc:wchar_t /Zc:forScope /Zc:inline /Fo"cmTC_6b311.dir\Debug\\" /Fd"cmTC_6b311.dir\Debug\vc141.pdb" /Gd /TC /analyze- /errorReport:queue C:\Users\Marcus\source\repos\Asteroids\CMakeFiles\CMakeTmp\CheckIncludeFiles.c
  CheckIncludeFiles.c
  
C:\Users\Marcus\source\repos\Asteroids\CMakeFiles\CMakeTmp\CheckIncludeFiles.c(2): fatal error C1083: Cannot open include file: 'sys/param.h': No such file or directory [C:\Users\Marcus\source\repos\Asteroids\CMakeFiles\CMakeTmp\cmTC_6b311.vcxproj]
Done Building Project "C:\Users\Marcus\source\repos\Asteroids\CMakeFiles\CMakeTmp\cmTC_6b311.vcxproj" (default targets) -- FAILED.

Build FAILED.

"C:\Users\Marcus\source\repos\Asteroids\CMakeFiles\CMakeTmp\cmTC_6b311.vcxproj" (default target) (1) ->
(ClCompile target) -> 
  C:\Users\Marcus\source\repos\Asteroids\CMakeFiles\CMakeTmp\CheckIncludeFiles.c(2): fatal error C1083: Cannot open include file: 'sys/param.h': No such file or directory [C:\Users\Marcus\source\repos\Asteroids\CMakeFiles\CMakeTmp\cmTC_6b311.vcxproj]

    0 Warning(s)
    1 Error(s)

Time Elapsed 00:00:00.57

Source:
/* */
#include <sys/param.h>


int main(void){return 0;}

Determining if files sys/ioctl.h exist failed with the following output:
Change Dir: C:/Users/Marcus/source/repos/Asteroids/CMakeFiles/CMakeTmp

Run Build Command:"C:/Program Files (x86)/Microsoft Visual Studio/2017/Community/MSBuild/15.0/Bin/MSBuild.exe" "cmTC_1ea50.vcxproj" "/p:Configuration=Debug" "/p:VisualStudioVersion=15.0"
Microsoft (R) Build Engine version 15.4.8.50001 for .NET Framework
Copyright (C) Microsoft Corporation. All rights reserved.

Build started 12/10/2017 12:15:58 PM.
Project "C:\Users\Marcus\source\repos\Asteroids\CMakeFiles\CMakeTmp\cmTC_1ea50.vcxproj" on node 1 (default targets).
PrepareForBuild:
  Creating directory "cmTC_1ea50.dir\Debug\".
  Creating directory "C:\Users\Marcus\source\repos\Asteroids\CMakeFiles\CMakeTmp\Debug\".
  Creating directory "cmTC_1ea50.dir\Debug\cmTC_1ea50.tlog\".
InitializeBuildStatus:
  Creating "cmTC_1ea50.dir\Debug\cmTC_1ea50.tlog\unsuccessfulbuild" because "AlwaysCreate" was specified.
ClCompile:
  C:\Program Files (x86)\Microsoft Visual Studio\2017\Community\VC\Tools\MSVC\14.11.25503\bin\HostX86\x86\CL.exe /c /Zi /W3 /WX- /diagnostics:classic /Od /Ob0 /Oy- /D WIN32 /D _WINDOWS /D "CMAKE_INTDIR=\"Debug\"" /D _MBCS /Gm- /RTC1 /MDd /GS /fp:precise /Zc:wchar_t /Zc:forScope /Zc:inline /Fo"cmTC_1ea50.dir\Debug\\" /Fd"cmTC_1ea50.dir\Debug\vc141.pdb" /Gd /TC /analyze- /errorReport:queue C:\Users\Marcus\source\repos\Asteroids\CMakeFiles\CMakeTmp\CheckIncludeFiles.c
  Microsoft (R) C/C++ Optimizing Compiler Version 19.11.25547 for x86
  Copyright (C) Microsoft Corporation.  All rights reserved.
  
  cl /c /Zi /W3 /WX- /diagnostics:classic /Od /Ob0 /Oy- /D WIN32 /D _WINDOWS /D "CMAKE_INTDIR=\"Debug\"" /D _MBCS /Gm- /RTC1 /MDd /GS /fp:precise /Zc:wchar_t /Zc:forScope /Zc:inline /Fo"cmTC_1ea50.dir\Debug\\" /Fd"cmTC_1ea50.dir\Debug\vc141.pdb" /Gd /TC /analyze- /errorReport:queue C:\Users\Marcus\source\repos\Asteroids\CMakeFiles\CMakeTmp\CheckIncludeFiles.c
  CheckIncludeFiles.c
  
C:\Users\Marcus\source\repos\Asteroids\CMakeFiles\CMakeTmp\CheckIncludeFiles.c(2): fatal error C1083: Cannot open include file: 'sys/ioctl.h': No such file or directory [C:\Users\Marcus\source\repos\Asteroids\CMakeFiles\CMakeTmp\cmTC_1ea50.vcxproj]
Done Building Project "C:\Users\Marcus\source\repos\Asteroids\CMakeFiles\CMakeTmp\cmTC_1ea50.vcxproj" (default targets) -- FAILED.

Build FAILED.

"C:\Users\Marcus\source\repos\Asteroids\CMakeFiles\CMakeTmp\cmTC_1ea50.vcxproj" (default target) (1) ->
(ClCompile target) -> 
  C:\Users\Marcus\source\repos\Asteroids\CMakeFiles\CMakeTmp\CheckIncludeFiles.c(2): fatal error C1083: Cannot open include file: 'sys/ioctl.h': No such file or directory [C:\Users\Marcus\source\repos\Asteroids\CMakeFiles\CMakeTmp\cmTC_1ea50.vcxproj]

    0 Warning(s)
    1 Error(s)

Time Elapsed 00:00:00.56

Source:
/* */
#include <sys/ioctl.h>


int main(void){return 0;}

Determining if files usbhid.h exist failed with the following output:
Change Dir: C:/Users/Marcus/source/repos/Asteroids/CMakeFiles/CMakeTmp

Run Build Command:"C:/Program Files (x86)/Microsoft Visual Studio/2017/Community/MSBuild/15.0/Bin/MSBuild.exe" "cmTC_fb6f4.vcxproj" "/p:Configuration=Debug" "/p:VisualStudioVersion=15.0"
Microsoft (R) Build Engine version 15.4.8.50001 for .NET Framework
Copyright (C) Microsoft Corporation. All rights reserved.

Build started 12/10/2017 12:16:00 PM.
Project "C:\Users\Marcus\source\repos\Asteroids\CMakeFiles\CMakeTmp\cmTC_fb6f4.vcxproj" on node 1 (default targets).
PrepareForBuild:
  Creating directory "cmTC_fb6f4.dir\Debug\".
  Creating directory "C:\Users\Marcus\source\repos\Asteroids\CMakeFiles\CMakeTmp\Debug\".
  Creating directory "cmTC_fb6f4.dir\Debug\cmTC_fb6f4.tlog\".
InitializeBuildStatus:
  Creating "cmTC_fb6f4.dir\Debug\cmTC_fb6f4.tlog\unsuccessfulbuild" because "AlwaysCreate" was specified.
ClCompile:
  C:\Program Files (x86)\Microsoft Visual Studio\2017\Community\VC\Tools\MSVC\14.11.25503\bin\HostX86\x86\CL.exe /c /Zi /W3 /WX- /diagnostics:classic /Od /Ob0 /Oy- /D WIN32 /D _WINDOWS /D "CMAKE_INTDIR=\"Debug\"" /D _MBCS /Gm- /RTC1 /MDd /GS /fp:precise /Zc:wchar_t /Zc:forScope /Zc:inline /Fo"cmTC_fb6f4.dir\Debug\\" /Fd"cmTC_fb6f4.dir\Debug\vc141.pdb" /Gd /TC /analyze- /errorReport:queue C:\Users\Marcus\source\repos\Asteroids\CMakeFiles\CMakeTmp\CheckIncludeFiles.c
  Microsoft (R) C/C++ Optimizing Compiler Version 19.11.25547 for x86
  Copyright (C) Microsoft Corporation.  All rights reserved.
  
  cl /c /Zi /W3 /WX- /diagnostics:classic /Od /Ob0 /Oy- /D WIN32 /D _WINDOWS /D "CMAKE_INTDIR=\"Debug\"" /D _MBCS /Gm- /RTC1 /MDd /GS /fp:precise /Zc:wchar_t /Zc:forScope /Zc:inline /Fo"cmTC_fb6f4.dir\Debug\\" /Fd"cmTC_fb6f4.dir\Debug\vc141.pdb" /Gd /TC /analyze- /errorReport:queue C:\Users\Marcus\source\repos\Asteroids\CMakeFiles\CMakeTmp\CheckIncludeFiles.c
  CheckIncludeFiles.c
  
C:\Users\Marcus\source\repos\Asteroids\CMakeFiles\CMakeTmp\CheckIncludeFiles.c(2): fatal error C1083: Cannot open include file: 'usbhid.h': No such file or directory [C:\Users\Marcus\source\repos\Asteroids\CMakeFiles\CMakeTmp\cmTC_fb6f4.vcxproj]
Done Building Project "C:\Users\Marcus\source\repos\Asteroids\CMakeFiles\CMakeTmp\cmTC_fb6f4.vcxproj" (default targets) -- FAILED.

Build FAILED.

"C:\Users\Marcus\source\repos\Asteroids\CMakeFiles\CMakeTmp\cmTC_fb6f4.vcxproj" (default target) (1) ->
(ClCompile target) -> 
  C:\Users\Marcus\source\repos\Asteroids\CMakeFiles\CMakeTmp\CheckIncludeFiles.c(2): fatal error C1083: Cannot open include file: 'usbhid.h': No such file or directory [C:\Users\Marcus\source\repos\Asteroids\CMakeFiles\CMakeTmp\cmTC_fb6f4.vcxproj]

    0 Warning(s)
    1 Error(s)

Time Elapsed 00:00:00.60

Source:
/* */
#include <usbhid.h>


int main(void){return 0;}

Determining if the function gettimeofday exists failed with the following output:
Change Dir: C:/Users/Marcus/source/repos/Asteroids/CMakeFiles/CMakeTmp

Run Build Command:"C:/Program Files (x86)/Microsoft Visual Studio/2017/Community/MSBuild/15.0/Bin/MSBuild.exe" "cmTC_e3258.vcxproj" "/p:Configuration=Debug" "/p:VisualStudioVersion=15.0"
Microsoft (R) Build Engine version 15.4.8.50001 for .NET Framework
Copyright (C) Microsoft Corporation. All rights reserved.

Build started 12/10/2017 12:16:01 PM.
Project "C:\Users\Marcus\source\repos\Asteroids\CMakeFiles\CMakeTmp\cmTC_e3258.vcxproj" on node 1 (default targets).
PrepareForBuild:
  Creating directory "cmTC_e3258.dir\Debug\".
  Creating directory "C:\Users\Marcus\source\repos\Asteroids\CMakeFiles\CMakeTmp\Debug\".
  Creating directory "cmTC_e3258.dir\Debug\cmTC_e3258.tlog\".
InitializeBuildStatus:
  Creating "cmTC_e3258.dir\Debug\cmTC_e3258.tlog\unsuccessfulbuild" because "AlwaysCreate" was specified.
ClCompile:
  C:\Program Files (x86)\Microsoft Visual Studio\2017\Community\VC\Tools\MSVC\14.11.25503\bin\HostX86\x86\CL.exe /c /Zi /W3 /WX- /diagnostics:classic /Od /Ob0 /Oy- /D WIN32 /D _WINDOWS /D CHECK_FUNCTION_EXISTS=gettimeofday /D "CMAKE_INTDIR=\"Debug\"" /D _MBCS /Gm- /RTC1 /MDd /GS /fp:precise /Zc:wchar_t /Zc:forScope /Zc:inline /Fo"cmTC_e3258.dir\Debug\\" /Fd"cmTC_e3258.dir\Debug\vc141.pdb" /Gd /TC /analyze- /errorReport:queue "C:\Program Files\CMake\share\cmake-3.10\Modules\CheckFunctionExists.c"
  Microsoft (R) C/C++ Optimizing Compiler Version 19.11.25547 for x86
  Copyright (C) Microsoft Corporation.  All rights reserved.
  
  cl /c /Zi /W3 /WX- /diagnostics:classic /Od /Ob0 /Oy- /D WIN32 /D _WINDOWS /D CHECK_FUNCTION_EXISTS=gettimeofday /D "CMAKE_INTDIR=\"Debug\"" /D _MBCS /Gm- /RTC1 /MDd /GS /fp:precise /Zc:wchar_t /Zc:forScope /Zc:inline /Fo"cmTC_e3258.dir\Debug\\" /Fd"cmTC_e3258.dir\Debug\vc141.pdb" /Gd /TC /analyze- /errorReport:queue "C:\Program Files\CMake\share\cmake-3.10\Modules\CheckFunctionExists.c"
  CheckFunctionExists.c
  
Link:
  C:\Program Files (x86)\Microsoft Visual Studio\2017\Community\VC\Tools\MSVC\14.11.25503\bin\HostX86\x86\link.exe /ERRORREPORT:QUEUE /OUT:"C:\Users\Marcus\source\repos\Asteroids\CMakeFiles\CMakeTmp\Debug\cmTC_e3258.exe" /INCREMENTAL /NOLOGO kernel32.lib user32.lib gdi32.lib winspool.lib shell32.lib ole32.lib oleaut32.lib uuid.lib comdlg32.lib advapi32.lib /MANIFEST /MANIFESTUAC:"level='asInvoker' uiAccess='false'" /manifest:embed /DEBUG /PDB:"C:/Users/Marcus/source/repos/Asteroids/CMakeFiles/CMakeTmp/Debug/cmTC_e3258.pdb" /SUBSYSTEM:CONSOLE /TLBID:1 /DYNAMICBASE /NXCOMPAT /IMPLIB:"C:/Users/Marcus/source/repos/Asteroids/CMakeFiles/CMakeTmp/Debug/cmTC_e3258.lib" /MACHINE:X86 /SAFESEH  /machine:X86 cmTC_e3258.dir\Debug\CheckFunctionExists.obj
CheckFunctionExists.obj : error LNK2019: unresolved external symbol _gettimeofday referenced in function _main [C:\Users\Marcus\source\repos\Asteroids\CMakeFiles\CMakeTmp\cmTC_e3258.vcxproj]
C:\Users\Marcus\source\repos\Asteroids\CMakeFiles\CMakeTmp\Debug\cmTC_e3258.exe : fatal error LNK1120: 1 unresolved externals [C:\Users\Marcus\source\repos\Asteroids\CMakeFiles\CMakeTmp\cmTC_e3258.vcxproj]
Done Building Project "C:\Users\Marcus\source\repos\Asteroids\CMakeFiles\CMakeTmp\cmTC_e3258.vcxproj" (default targets) -- FAILED.

Build FAILED.

"C:\Users\Marcus\source\repos\Asteroids\CMakeFiles\CMakeTmp\cmTC_e3258.vcxproj" (default target) (1) ->
(Link target) -> 
  CheckFunctionExists.obj : error LNK2019: unresolved external symbol _gettimeofday referenced in function _main [C:\Users\Marcus\source\repos\Asteroids\CMakeFiles\CMakeTmp\cmTC_e3258.vcxproj]
  C:\Users\Marcus\source\repos\Asteroids\CMakeFiles\CMakeTmp\Debug\cmTC_e3258.exe : fatal error LNK1120: 1 unresolved externals [C:\Users\Marcus\source\repos\Asteroids\CMakeFiles\CMakeTmp\cmTC_e3258.vcxproj]

    0 Warning(s)
    2 Error(s)

Time Elapsed 00:00:00.80


Determining if the function XParseGeometry exists failed with the following output:
Change Dir: C:/Users/Marcus/source/repos/Asteroids/CMakeFiles/CMakeTmp

Run Build Command:"C:/Program Files (x86)/Microsoft Visual Studio/2017/Community/MSBuild/15.0/Bin/MSBuild.exe" "cmTC_13629.vcxproj" "/p:Configuration=Debug" "/p:VisualStudioVersion=15.0"
Microsoft (R) Build Engine version 15.4.8.50001 for .NET Framework
Copyright (C) Microsoft Corporation. All rights reserved.

Build started 12/10/2017 12:16:02 PM.
Project "C:\Users\Marcus\source\repos\Asteroids\CMakeFiles\CMakeTmp\cmTC_13629.vcxproj" on node 1 (default targets).
PrepareForBuild:
  Creating directory "cmTC_13629.dir\Debug\".
  Creating directory "C:\Users\Marcus\source\repos\Asteroids\CMakeFiles\CMakeTmp\Debug\".
  Creating directory "cmTC_13629.dir\Debug\cmTC_13629.tlog\".
InitializeBuildStatus:
  Creating "cmTC_13629.dir\Debug\cmTC_13629.tlog\unsuccessfulbuild" because "AlwaysCreate" was specified.
ClCompile:
  C:\Program Files (x86)\Microsoft Visual Studio\2017\Community\VC\Tools\MSVC\14.11.25503\bin\HostX86\x86\CL.exe /c /Zi /W3 /WX- /diagnostics:classic /Od /Ob0 /Oy- /D WIN32 /D _WINDOWS /D CHECK_FUNCTION_EXISTS=XParseGeometry /D "CMAKE_INTDIR=\"Debug\"" /D _MBCS /Gm- /RTC1 /MDd /GS /fp:precise /Zc:wchar_t /Zc:forScope /Zc:inline /Fo"cmTC_13629.dir\Debug\\" /Fd"cmTC_13629.dir\Debug\vc141.pdb" /Gd /TC /analyze- /errorReport:queue "C:\Program Files\CMake\share\cmake-3.10\Modules\CheckFunctionExists.c"
  Microsoft (R) C/C++ Optimizing Compiler Version 19.11.25547 for x86
  Copyright (C) Microsoft Corporation.  All rights reserved.
  
  cl /c /Zi /W3 /WX- /diagnostics:classic /Od /Ob0 /Oy- /D WIN32 /D _WINDOWS /D CHECK_FUNCTION_EXISTS=XParseGeometry /D "CMAKE_INTDIR=\"Debug\"" /D _MBCS /Gm- /RTC1 /MDd /GS /fp:precise /Zc:wchar_t /Zc:forScope /Zc:inline /Fo"cmTC_13629.dir\Debug\\" /Fd"cmTC_13629.dir\Debug\vc141.pdb" /Gd /TC /analyze- /errorReport:queue "C:\Program Files\CMake\share\cmake-3.10\Modules\CheckFunctionExists.c"
  CheckFunctionExists.c
  
Link:
  C:\Program Files (x86)\Microsoft Visual Studio\2017\Community\VC\Tools\MSVC\14.11.25503\bin\HostX86\x86\link.exe /ERRORREPORT:QUEUE /OUT:"C:\Users\Marcus\source\repos\Asteroids\CMakeFiles\CMakeTmp\Debug\cmTC_13629.exe" /INCREMENTAL /NOLOGO kernel32.lib user32.lib gdi32.lib winspool.lib shell32.lib ole32.lib oleaut32.lib uuid.lib comdlg32.lib advapi32.lib /MANIFEST /MANIFESTUAC:"level='asInvoker' uiAccess='false'" /manifest:embed /DEBUG /PDB:"C:/Users/Marcus/source/repos/Asteroids/CMakeFiles/CMakeTmp/Debug/cmTC_13629.pdb" /SUBSYSTEM:CONSOLE /TLBID:1 /DYNAMICBASE /NXCOMPAT /IMPLIB:"C:/Users/Marcus/source/repos/Asteroids/CMakeFiles/CMakeTmp/Debug/cmTC_13629.lib" /MACHINE:X86 /SAFESEH  /machine:X86 cmTC_13629.dir\Debug\CheckFunctionExists.obj
CheckFunctionExists.obj : error LNK2019: unresolved external symbol _XParseGeometry referenced in function _main [C:\Users\Marcus\source\repos\Asteroids\CMakeFiles\CMakeTmp\cmTC_13629.vcxproj]
C:\Users\Marcus\source\repos\Asteroids\CMakeFiles\CMakeTmp\Debug\cmTC_13629.exe : fatal error LNK1120: 1 unresolved externals [C:\Users\Marcus\source\repos\Asteroids\CMakeFiles\CMakeTmp\cmTC_13629.vcxproj]
Done Building Project "C:\Users\Marcus\source\repos\Asteroids\CMakeFiles\CMakeTmp\cmTC_13629.vcxproj" (default targets) -- FAILED.

Build FAILED.

"C:\Users\Marcus\source\repos\Asteroids\CMakeFiles\CMakeTmp\cmTC_13629.vcxproj" (default target) (1) ->
(Link target) -> 
  CheckFunctionExists.obj : error LNK2019: unresolved external symbol _XParseGeometry referenced in function _main [C:\Users\Marcus\source\repos\Asteroids\CMakeFiles\CMakeTmp\cmTC_13629.vcxproj]
  C:\Users\Marcus\source\repos\Asteroids\CMakeFiles\CMakeTmp\Debug\cmTC_13629.exe : fatal error LNK1120: 1 unresolved externals [C:\Users\Marcus\source\repos\Asteroids\CMakeFiles\CMakeTmp\cmTC_13629.vcxproj]

    0 Warning(s)
    2 Error(s)

Time Elapsed 00:00:00.82


